<?xml version="1.0" encoding="UTF-8"?>
<testsuite xmlns:xsi="http://www.w3.org/2001/XMLSchema-instance" xsi:noNamespaceSchemaLocation="https://maven.apache.org/surefire/maven-surefire-plugin/xsd/surefire-test-report.xsd" name="testrunner.TestRunner" time="23.836" tests="4" errors="0" skipped="0" failures="0">
  <properties>
[...]
</properties>
  <testcase name="Advance Page logo" classname="Ebay Advance Searh Screen" time="10.06"/>
  <testcase name="Advance search Link" classname="Ebay home page scenarios" time="7.894"/>
  <testcase name="Search item in search box" classname="Ebay home page scenarios" time="5.489"/>
  <testcase name="check login with successful cred" classname="Feature To Test Login Functionality" time="0.021"/>
</testsuite>